2025-08-15 00:14:03 - xml_processor - WARNING - Erro ao extrair dados de transporte: could not convert string to float: 'REF. 14'
2025-08-15 00:14:03 - icms_calculator - INFO - Cálculo ICMS ST concluído: 2 itens processados
2025-08-15 00:14:21 - xml_processor - WARNING - Erro ao extrair dados de transporte: could not convert string to float: 'REF. 14'
2025-08-15 00:14:21 - icms_calculator - INFO - Cálculo ICMS ST concluído: 2 itens processados
2025-08-15 00:14:26 - xml_processor - WARNING - Erro ao extrair dados de transporte: could not convert string to float: 'REF. 14'
2025-08-15 00:14:26 - icms_calculator - INFO - Cálculo ICMS ST concluído: 2 itens processados
2025-08-15 00:14:31 - xml_processor - WARNING - Erro ao extrair dados de transporte: could not convert string to float: 'REF. 14'
2025-08-15 00:14:31 - icms_calculator - INFO - Cálculo ICMS ST concluído: 2 itens processados
2025-08-15 00:19:25 - xml_processor - WARNING - Erro ao extrair dados de transporte: could not convert string to float: 'REF. 14'
2025-08-15 00:19:25 - icms_calculator - INFO - Cálculo ICMS ST concluído: 2 itens processados
2025-08-15 00:19:25 - database_manager - INFO - Cálculo salvo com ID: 1
2025-08-15 00:20:30 - config_manager - INFO - Configurações carregadas para usuário: default
2025-08-15 00:20:34 - database_manager - INFO - Configurações salvas para usuário: default
2025-08-15 00:20:43 - database_manager - INFO - Configurações salvas para usuário: default
2025-08-15 00:22:53 - xml_processor - WARNING - Erro ao extrair dados de transporte: could not convert string to float: 'REF. 14'
2025-08-15 00:22:53 - icms_calculator - INFO - Cálculo ICMS ST concluído: 2 itens processados
2025-08-15 00:22:53 - database_manager - INFO - Cálculo salvo com ID: 2
2025-08-15 00:23:33 - xml_processor - WARNING - Erro ao extrair dados de transporte: could not convert string to float: 'REF. 14'
2025-08-15 00:23:33 - icms_calculator - INFO - Cálculo ICMS ST concluído: 2 itens processados
2025-08-15 00:23:33 - database_manager - INFO - Cálculo salvo com ID: 3
2025-08-15 10:47:05 - config_manager - INFO - Configurações carregadas para usuário: default
