2025-08-14 17:42:03 - database_manager - INFO - Figura tributária salva: NCM 82084000
2025-08-14 17:42:06 - database_manager - INFO - Figura tributária salva: NCM 82084000
2025-08-14 17:42:24 - database_manager - INFO - Figura tributária salva: NCM 82084000
2025-08-14 17:42:40 - xml_processor - WARNING - Erro ao extrair dados de transporte: could not convert string to float: 'REF. 14'
2025-08-14 17:42:40 - icms_calculator - INFO - Cálculo ICMS ST concluído: 2 itens processados
2025-08-14 17:45:28 - database_manager - INFO - Figura tributária salva: NCM 84339090
2025-08-14 17:45:40 - xml_processor - WARNING - Erro ao extrair dados de transporte: could not convert string to float: 'REF. 14'
2025-08-14 17:45:40 - icms_calculator - INFO - Cálculo ICMS ST concluído: 2 itens processados
2025-08-14 17:46:01 - xml_processor - WARNING - Erro ao extrair dados de transporte: could not convert string to float: 'REF. 14'
2025-08-14 17:46:01 - icms_calculator - INFO - Cálculo ICMS ST concluído: 2 itens processados
2025-08-14 17:46:31 - xml_processor - WARNING - Erro ao extrair dados de transporte: could not convert string to float: 'REF. 14'
2025-08-14 17:46:31 - icms_calculator - INFO - Cálculo ICMS ST concluído: 2 itens processados
2025-08-14 17:47:41 - xml_processor - WARNING - Erro ao extrair dados de transporte: could not convert string to float: 'REF. 14'
2025-08-14 17:47:41 - icms_calculator - INFO - Cálculo ICMS ST concluído: 2 itens processados
2025-08-14 17:51:13 - xml_processor - WARNING - Erro ao extrair dados de transporte: could not convert string to float: 'REF. 14'
2025-08-14 17:51:13 - icms_calculator - INFO - Cálculo ICMS ST concluído: 2 itens processados
2025-08-14 17:52:04 - xml_processor - WARNING - Erro ao extrair dados de transporte: could not convert string to float: 'REF. 14'
2025-08-14 17:52:04 - icms_calculator - INFO - Cálculo ICMS ST concluído: 2 itens processados
2025-08-14 17:52:21 - xml_processor - WARNING - Erro ao extrair dados de transporte: could not convert string to float: 'REF. 14'
2025-08-14 17:52:21 - icms_calculator - INFO - Cálculo ICMS ST concluído: 2 itens processados
2025-08-14 17:54:52 - icms_calculator - INFO - Cálculo ICMS ST concluído: 1 itens processados
2025-08-14 17:58:09 - icms_calculator - INFO - Cálculo ICMS ST concluído: 1 itens processados
2025-08-14 17:58:12 - icms_calculator - INFO - Cálculo ICMS ST concluído: 1 itens processados
2025-08-14 18:01:09 - icms_calculator - INFO - Cálculo ICMS ST concluído: 1 itens processados
2025-08-14 18:03:40 - xml_processor - WARNING - Erro ao extrair dados de transporte: could not convert string to float: 'REF. 14'
2025-08-14 18:03:40 - icms_calculator - INFO - Cálculo ICMS ST concluído: 2 itens processados
2025-08-14 22:14:24 - database_manager - ERROR - Erro ao buscar configurações: no such table: user_configs
2025-08-14 22:14:24 - config_manager - INFO - Configurações carregadas para usuário: default
2025-08-14 22:33:31 - database_manager - ERROR - Erro ao buscar configurações: no such table: user_configs
2025-08-14 22:33:31 - config_manager - INFO - Configurações carregadas para usuário: default
2025-08-14 22:33:31 - app - ERROR - Erro na página configuracoes: name 'show_config_calculo' is not defined
2025-08-14 22:36:11 - app - ERROR - Erro na página configuracoes: name 'show_config_calculo' is not defined
2025-08-14 22:37:08 - database_manager - ERROR - Erro ao buscar configurações: no such table: user_configs
2025-08-14 22:37:08 - config_manager - INFO - Configurações carregadas para usuário: default
2025-08-14 22:37:08 - app - ERROR - Erro na página configuracoes: The `value` 12.0 is greater than the `max_value` 1.0.
2025-08-14 22:38:13 - app - ERROR - Erro na página configuracoes: The `value` 12.0 is greater than the `max_value` 1.0.
2025-08-14 22:39:10 - app - ERROR - Erro na página configuracoes: The `value` 12.0 is greater than the `max_value` 1.0.
2025-08-14 22:39:29 - database_manager - ERROR - Erro ao buscar configurações: no such table: user_configs
2025-08-14 22:39:29 - config_manager - INFO - Configurações carregadas para usuário: default
2025-08-14 22:39:29 - app - ERROR - Erro na página configuracoes: The `value` 1200.0 is greater than the `max_value` 100.0.
2025-08-14 22:40:46 - app - ERROR - Erro na página configuracoes: The `value` 1200.0 is greater than the `max_value` 100.0.
2025-08-14 22:41:08 - database_manager - ERROR - Erro ao buscar configurações: no such table: user_configs
2025-08-14 22:41:08 - config_manager - INFO - Configurações carregadas para usuário: default
2025-08-14 22:41:08 - app - ERROR - Erro na página configuracoes: 'light' is not in list
2025-08-14 22:42:22 - app - ERROR - Erro na página configuracoes: 'light' is not in list
2025-08-14 22:42:57 - database_manager - ERROR - Erro ao buscar configurações: no such table: user_configs
2025-08-14 22:42:57 - config_manager - INFO - Configurações carregadas para usuário: default
2025-08-14 22:42:57 - app - ERROR - Erro na página configuracoes: 'xlsx' is not in list
2025-08-14 22:43:08 - app - ERROR - Erro na página configuracoes: 'xlsx' is not in list
2025-08-14 22:43:09 - database_manager - INFO - Configurações salvas para usuário: default
2025-08-14 22:43:09 - app - ERROR - Erro na página configuracoes: 'xlsx' is not in list
2025-08-14 22:44:01 - app - ERROR - Erro na página configuracoes: 'xlsx' is not in list
2025-08-14 22:44:40 - config_manager - INFO - Configurações carregadas para usuário: default
2025-08-14 22:44:50 - database_manager - INFO - Configurações salvas para usuário: default
2025-08-14 22:44:53 - database_manager - INFO - Configurações salvas para usuário: default
2025-08-14 22:44:57 - database_manager - INFO - Configurações salvas para usuário: default
2025-08-14 22:45:00 - database_manager - INFO - Configurações salvas para usuário: default
2025-08-14 22:45:41 - xml_processor - WARNING - Erro ao extrair dados de transporte: could not convert string to float: 'REF. 14'
2025-08-14 22:45:41 - icms_calculator - INFO - Cálculo ICMS ST concluído: 2 itens processados
2025-08-14 22:45:50 - xml_processor - WARNING - Erro ao extrair dados de transporte: could not convert string to float: 'REF. 14'
2025-08-14 22:45:50 - icms_calculator - INFO - Cálculo ICMS ST concluído: 2 itens processados
2025-08-14 22:49:03 - config_manager - INFO - Configurações carregadas para usuário: default
2025-08-14 22:49:09 - database_manager - INFO - Configurações salvas para usuário: default
2025-08-14 22:49:14 - database_manager - INFO - Configurações salvas para usuário: default
2025-08-14 22:49:26 - xml_processor - WARNING - Erro ao extrair dados de transporte: could not convert string to float: 'REF. 14'
2025-08-14 22:49:26 - icms_calculator - INFO - Cálculo ICMS ST concluído: 2 itens processados
2025-08-14 22:49:33 - xml_processor - WARNING - Erro ao extrair dados de transporte: could not convert string to float: 'REF. 14'
2025-08-14 22:49:33 - icms_calculator - INFO - Cálculo ICMS ST concluído: 2 itens processados
2025-08-14 22:49:36 - xml_processor - WARNING - Erro ao extrair dados de transporte: could not convert string to float: 'REF. 14'
2025-08-14 22:49:36 - icms_calculator - INFO - Cálculo ICMS ST concluído: 2 itens processados
2025-08-14 22:51:59 - xml_processor - WARNING - Erro ao extrair dados de transporte: could not convert string to float: 'REF. 14'
2025-08-14 22:51:59 - icms_calculator - INFO - Cálculo ICMS ST concluído: 2 itens processados
2025-08-14 22:52:04 - xml_processor - WARNING - Erro ao extrair dados de transporte: could not convert string to float: 'REF. 14'
2025-08-14 22:52:04 - icms_calculator - INFO - Cálculo ICMS ST concluído: 2 itens processados
2025-08-14 22:52:15 - xml_processor - WARNING - Erro ao extrair dados de transporte: could not convert string to float: 'REF. 14'
2025-08-14 22:52:15 - icms_calculator - INFO - Cálculo ICMS ST concluído: 2 itens processados
2025-08-14 22:55:23 - config_manager - INFO - Configurações carregadas para usuário: default
2025-08-14 22:55:34 - xml_processor - WARNING - Erro ao extrair dados de transporte: could not convert string to float: 'REF. 14'
2025-08-14 22:55:34 - icms_calculator - INFO - Cálculo ICMS ST concluído: 2 itens processados
2025-08-14 22:55:38 - xml_processor - WARNING - Erro ao extrair dados de transporte: could not convert string to float: 'REF. 14'
2025-08-14 22:55:38 - icms_calculator - INFO - Cálculo ICMS ST concluído: 2 itens processados
2025-08-14 22:55:41 - xml_processor - WARNING - Erro ao extrair dados de transporte: could not convert string to float: 'REF. 14'
2025-08-14 22:55:41 - icms_calculator - INFO - Cálculo ICMS ST concluído: 2 itens processados
2025-08-14 22:56:40 - xml_processor - WARNING - Erro ao extrair dados de transporte: could not convert string to float: 'REF. 14'
2025-08-14 22:56:40 - icms_calculator - INFO - Cálculo ICMS ST concluído: 2 itens processados
2025-08-14 22:56:43 - xml_processor - WARNING - Erro ao extrair dados de transporte: could not convert string to float: 'REF. 14'
2025-08-14 22:56:43 - icms_calculator - INFO - Cálculo ICMS ST concluído: 2 itens processados
2025-08-14 22:57:56 - xml_processor - WARNING - Erro ao extrair dados de transporte: could not convert string to float: 'REF. 14'
2025-08-14 22:57:56 - icms_calculator - INFO - Cálculo ICMS ST concluído: 2 itens processados
2025-08-14 22:57:57 - xml_processor - WARNING - Erro ao extrair dados de transporte: could not convert string to float: 'REF. 14'
2025-08-14 22:57:57 - icms_calculator - INFO - Cálculo ICMS ST concluído: 2 itens processados
2025-08-14 22:58:01 - xml_processor - WARNING - Erro ao extrair dados de transporte: could not convert string to float: 'REF. 14'
2025-08-14 22:58:01 - icms_calculator - INFO - Cálculo ICMS ST concluído: 2 itens processados
2025-08-14 22:59:21 - config_manager - INFO - Configurações carregadas para usuário: default
2025-08-14 22:59:30 - xml_processor - WARNING - Erro ao extrair dados de transporte: could not convert string to float: 'REF. 14'
2025-08-14 22:59:30 - icms_calculator - INFO - Cálculo ICMS ST concluído: 2 itens processados
2025-08-14 22:59:41 - xml_processor - WARNING - Erro ao extrair dados de transporte: could not convert string to float: 'REF. 14'
2025-08-14 22:59:41 - icms_calculator - INFO - Cálculo ICMS ST concluído: 2 itens processados
2025-08-14 23:01:39 - xml_processor - WARNING - Erro ao extrair dados de transporte: could not convert string to float: 'REF. 14'
2025-08-14 23:01:39 - icms_calculator - INFO - Cálculo ICMS ST concluído: 2 itens processados
2025-08-14 23:01:42 - xml_processor - WARNING - Erro ao extrair dados de transporte: could not convert string to float: 'REF. 14'
2025-08-14 23:01:42 - icms_calculator - INFO - Cálculo ICMS ST concluído: 2 itens processados
2025-08-14 23:01:45 - xml_processor - WARNING - Erro ao extrair dados de transporte: could not convert string to float: 'REF. 14'
2025-08-14 23:01:45 - icms_calculator - INFO - Cálculo ICMS ST concluído: 2 itens processados
2025-08-14 23:04:52 - xml_processor - WARNING - Erro ao extrair dados de transporte: could not convert string to float: 'REF. 14'
2025-08-14 23:04:52 - icms_calculator - INFO - Cálculo ICMS ST concluído: 2 itens processados
2025-08-14 23:05:22 - xml_processor - WARNING - Erro ao extrair dados de transporte: could not convert string to float: 'REF. 14'
2025-08-14 23:05:22 - icms_calculator - INFO - Cálculo ICMS ST concluído: 2 itens processados
2025-08-14 23:05:28 - xml_processor - WARNING - Erro ao extrair dados de transporte: could not convert string to float: 'REF. 14'
2025-08-14 23:05:28 - icms_calculator - INFO - Cálculo ICMS ST concluído: 2 itens processados
2025-08-14 23:05:30 - xml_processor - WARNING - Erro ao extrair dados de transporte: could not convert string to float: 'REF. 14'
2025-08-14 23:05:30 - icms_calculator - INFO - Cálculo ICMS ST concluído: 2 itens processados
2025-08-14 23:35:04 - xml_processor - WARNING - Erro ao extrair dados de transporte: could not convert string to float: 'REF. 14'
2025-08-14 23:35:04 - icms_calculator - INFO - Cálculo ICMS ST concluído: 2 itens processados
2025-08-14 23:35:14 - xml_processor - WARNING - Erro ao extrair dados de transporte: could not convert string to float: 'REF. 14'
2025-08-14 23:35:14 - icms_calculator - INFO - Cálculo ICMS ST concluído: 2 itens processados
2025-08-14 23:38:53 - xml_processor - WARNING - Erro ao extrair dados de transporte: could not convert string to float: 'REF. 14'
2025-08-14 23:38:53 - icms_calculator - INFO - Cálculo ICMS ST concluído: 2 itens processados
2025-08-14 23:40:14 - config_manager - INFO - Configurações carregadas para usuário: default
2025-08-14 23:40:17 - database_manager - INFO - Configurações salvas para usuário: default
2025-08-14 23:40:18 - database_manager - INFO - Configurações salvas para usuário: default
2025-08-14 23:40:56 - database_manager - INFO - Configurações salvas para usuário: default
2025-08-14 23:40:57 - database_manager - INFO - Configurações salvas para usuário: default
2025-08-14 23:40:58 - database_manager - INFO - Configurações salvas para usuário: default
2025-08-14 23:41:00 - database_manager - INFO - Configurações salvas para usuário: default
2025-08-14 23:41:01 - database_manager - INFO - Configurações salvas para usuário: default
2025-08-14 23:41:02 - database_manager - INFO - Configurações salvas para usuário: default
